2018-11-02 10:11:44,677 INFO o.a.j.u.JMeterUtils: Setting Locale to en_US
2018-11-02 10:11:44,692 INFO o.a.j.JMeter: Loading user properties from: user.properties
2018-11-02 10:11:44,692 INFO o.a.j.JMeter: Loading system properties from: system.properties
2018-11-02 10:11:44,697 INFO o.a.j.JMeter: Copyright (c) 1998-2018 The Apache Software Foundation
2018-11-02 10:11:44,698 INFO o.a.j.JMeter: Version 5.0 r1840935
2018-11-02 10:11:44,698 INFO o.a.j.JMeter: java.version=1.8.0_191
2018-11-02 10:11:44,698 INFO o.a.j.JMeter: java.vm.name=Java HotSpot(TM) 64-Bit Server VM
2018-11-02 10:11:44,698 INFO o.a.j.JMeter: os.name=Linux
2018-11-02 10:11:44,698 INFO o.a.j.JMeter: os.arch=amd64
2018-11-02 10:11:44,698 INFO o.a.j.JMeter: os.version=4.15.0-38-generic
2018-11-02 10:11:44,698 INFO o.a.j.JMeter: file.encoding=UTF-8
2018-11-02 10:11:44,698 INFO o.a.j.JMeter: Max memory     =514850816
2018-11-02 10:11:44,698 INFO o.a.j.JMeter: Available Processors =4
2018-11-02 10:11:44,702 INFO o.a.j.JMeter: Default Locale=English (United States)
2018-11-02 10:11:44,702 INFO o.a.j.JMeter: JMeter  Locale=English (United States)
2018-11-02 10:11:44,702 INFO o.a.j.JMeter: JMeterHome=/home/pk/Desktop/perfana-jmeter-demo-script/target/jmeter
2018-11-02 10:11:44,703 INFO o.a.j.JMeter: user.dir  =/home/pk/Desktop/perfana-jmeter-demo-script/target/jmeter/bin
2018-11-02 10:11:44,703 INFO o.a.j.JMeter: PWD       =/home/pk/Desktop/perfana-jmeter-demo-script/target/jmeter/bin
2018-11-02 10:11:44,703 INFO o.a.j.JMeter: IP: 127.0.1.1 Name: pk-ThinkPad-T470-W10DG FullName: pk-ThinkPad-T470-W10DG
2018-11-02 10:11:44,705 INFO o.a.j.JMeter: Setting property 'jmeter.reportgenerator.outputdir' to:'/home/pk/Desktop/perfana-jmeter-demo-script/target/jmeter/reports/targets-io-demo_20181102_101143'
2018-11-02 10:11:44,708 INFO o.a.j.s.FileServer: Default base='/home/pk/Desktop/perfana-jmeter-demo-script/target/jmeter/bin'
2018-11-02 10:11:44,714 INFO o.a.j.s.FileServer: Set new base='/home/pk/Desktop/perfana-jmeter-demo-script/target/jmeter/testFiles'
2018-11-02 10:11:44,861 INFO o.a.j.s.SaveService: Testplan (JMX) version: 2.2. Testlog (JTL) version: 2.2
2018-11-02 10:11:44,873 INFO o.a.j.s.SaveService: Using SaveService properties file encoding UTF-8
2018-11-02 10:11:44,878 INFO o.a.j.s.SaveService: Using SaveService properties version 5.0
2018-11-02 10:11:44,884 INFO o.a.j.s.SaveService: Loading file: /home/pk/Desktop/perfana-jmeter-demo-script/target/jmeter/testFiles/targets-io-demo.jmx
2018-11-02 10:11:44,928 INFO o.a.j.p.h.s.HTTPSamplerBase: Parser for text/html is org.apache.jmeter.protocol.http.parser.LagartoBasedHtmlParser
2018-11-02 10:11:44,928 INFO o.a.j.p.h.s.HTTPSamplerBase: Parser for application/xhtml+xml is org.apache.jmeter.protocol.http.parser.LagartoBasedHtmlParser
2018-11-02 10:11:44,928 INFO o.a.j.p.h.s.HTTPSamplerBase: Parser for application/xml is org.apache.jmeter.protocol.http.parser.LagartoBasedHtmlParser
2018-11-02 10:11:44,929 INFO o.a.j.p.h.s.HTTPSamplerBase: Parser for text/xml is org.apache.jmeter.protocol.http.parser.LagartoBasedHtmlParser
2018-11-02 10:11:44,929 INFO o.a.j.p.h.s.HTTPSamplerBase: Parser for text/vnd.wap.wml is org.apache.jmeter.protocol.http.parser.RegexpHTMLParser
2018-11-02 10:11:44,929 INFO o.a.j.p.h.s.HTTPSamplerBase: Parser for text/css is org.apache.jmeter.protocol.http.parser.CssParser
2018-11-02 10:11:44,936 INFO o.a.j.s.SampleResult: Note: Sample TimeStamps are START times
2018-11-02 10:11:44,936 INFO o.a.j.s.SampleResult: sampleresult.default.encoding is set to ISO-8859-1
2018-11-02 10:11:44,936 INFO o.a.j.s.SampleResult: sampleresult.useNanoTime=true
2018-11-02 10:11:44,936 INFO o.a.j.s.SampleResult: sampleresult.nanoThreadSleep=5000
2018-11-02 10:11:44,950 INFO o.a.j.JMeter: Creating summariser <summary>
2018-11-02 10:11:44,960 INFO o.a.j.r.d.ReportGenerator: ReportGenerator will use for Parsing the separator: ','
2018-11-02 10:11:44,960 INFO o.a.j.r.d.ReportGenerator: Will generate report at end of test from  results file: /home/pk/Desktop/perfana-jmeter-demo-script/target/jmeter/results/20181102-targets-io-demo.csv
2018-11-02 10:11:44,961 INFO o.a.j.r.d.ReportGenerator: Reading report generator properties from: /home/pk/Desktop/perfana-jmeter-demo-script/target/jmeter/bin/reportgenerator.properties
2018-11-02 10:11:44,961 INFO o.a.j.r.d.ReportGenerator: Merging with JMeter properties
2018-11-02 10:11:44,968 INFO o.a.j.r.c.ReportGeneratorConfiguration: Property 'jmeter.reportgenerator.temp_dir' not found, using default value 'temp' instead.
2018-11-02 10:11:44,971 INFO o.a.j.r.c.ReportGeneratorConfiguration: Property 'jmeter.reportgenerator.apdex_per_transaction' not found, using default value 'null' instead.
2018-11-02 10:11:44,971 INFO o.a.j.r.c.ReportGeneratorConfiguration: apdex_per_transaction : {} is empty, not APDEX per transaction customization
2018-11-02 10:11:44,971 INFO o.a.j.r.c.ReportGeneratorConfiguration: Property 'jmeter.reportgenerator.sample_filter' not found, using default value 'null' instead.
2018-11-02 10:11:44,971 INFO o.a.j.r.c.ReportGeneratorConfiguration: Property 'jmeter.reportgenerator.report_title' not found, using default value 'null' instead.
2018-11-02 10:11:44,972 INFO o.a.j.r.c.ReportGeneratorConfiguration: Property 'jmeter.reportgenerator.start_date' not found, using default value 'null' instead.
2018-11-02 10:11:44,972 INFO o.a.j.r.c.ReportGeneratorConfiguration: Property 'jmeter.reportgenerator.end_date' not found, using default value 'null' instead.
2018-11-02 10:11:44,972 INFO o.a.j.r.c.ReportGeneratorConfiguration: Property 'jmeter.reportgenerator.date_format' not found, using default value 'null' instead.
2018-11-02 10:11:44,972 INFO o.a.j.r.c.ReportGeneratorConfiguration: Will use date range start date: null, end date: null
2018-11-02 10:11:44,977 INFO o.a.j.r.c.ReportGeneratorConfiguration: Property 'jmeter.reportgenerator.graph.totalTPS.exclude_controllers' not found, using default value 'false' instead.
2018-11-02 10:11:44,977 INFO o.a.j.r.c.ReportGeneratorConfiguration: Property 'jmeter.reportgenerator.graph.activeThreadsOverTime.exclude_controllers' not found, using default value 'false' instead.
2018-11-02 10:11:44,977 INFO o.a.j.r.c.ReportGeneratorConfiguration: Property 'jmeter.reportgenerator.graph.timeVsThreads.exclude_controllers' not found, using default value 'false' instead.
2018-11-02 10:11:44,978 INFO o.a.j.r.c.ReportGeneratorConfiguration: Property 'jmeter.reportgenerator.graph.responseTimeDistribution.exclude_controllers' not found, using default value 'false' instead.
2018-11-02 10:11:44,978 INFO o.a.j.r.c.ReportGeneratorConfiguration: Property 'jmeter.reportgenerator.graph.transactionsPerSecond.exclude_controllers' not found, using default value 'false' instead.
2018-11-02 10:11:44,978 INFO o.a.j.r.c.ReportGeneratorConfiguration: Property 'jmeter.reportgenerator.graph.responseTimePercentiles.exclude_controllers' not found, using default value 'false' instead.
2018-11-02 10:11:44,979 INFO o.a.j.r.c.ReportGeneratorConfiguration: Property 'jmeter.reportgenerator.graph.responseTimePercentilesOverTime.exclude_controllers' not found, using default value 'false' instead.
2018-11-02 10:11:44,979 INFO o.a.j.r.c.ReportGeneratorConfiguration: Property 'jmeter.reportgenerator.graph.responseTimesOverTime.exclude_controllers' not found, using default value 'false' instead.
2018-11-02 10:11:44,980 INFO o.a.j.r.c.ReportGeneratorConfiguration: Property 'jmeter.reportgenerator.graph.connectTimeOverTime.exclude_controllers' not found, using default value 'false' instead.
2018-11-02 10:11:44,981 INFO o.a.j.r.c.ReportGeneratorConfiguration: Property 'jmeter.reportgenerator.graph.latenciesOverTime.exclude_controllers' not found, using default value 'false' instead.
2018-11-02 10:11:44,982 INFO o.a.j.r.c.ReportGeneratorConfiguration: Property 'jmeter.reportgenerator.exporter.html.filters_only_sample_series' not found, using default value 'true' instead.
2018-11-02 10:11:44,983 INFO o.a.j.r.c.ReportGeneratorConfiguration: Property 'jmeter.reportgenerator.exporter.html.series_filter' not found, using default value '' instead.
2018-11-02 10:11:44,983 INFO o.a.j.r.c.ReportGeneratorConfiguration: Property 'jmeter.reportgenerator.exporter.html.show_controllers_only' not found, using default value 'false' instead.
2018-11-02 10:11:44,990 INFO o.a.j.e.StandardJMeterEngine: Running the test!
2018-11-02 10:11:44,991 INFO o.a.j.s.SampleEvent: List of sample_variables: []
2018-11-02 10:11:44,991 INFO o.a.j.s.SampleEvent: List of sample_variables: []
2018-11-02 10:11:44,999 INFO o.a.j.e.u.CompoundVariable: Note: Function class names must contain the string: '.functions.'
2018-11-02 10:11:45,000 INFO o.a.j.e.u.CompoundVariable: Note: Function class names must not contain the string: '.gui.'
2018-11-02 10:11:45,573 INFO o.a.j.v.b.BackendListener: JMeter to Influxdb: Starting worker with class: class org.apache.jmeter.visualizers.backend.graphite.GraphiteBackendListenerClient and queue capacity: 5000
2018-11-02 10:11:45,574 INFO o.a.j.v.b.BackendListener: JMeter to Influxdb: Started  worker with class: class org.apache.jmeter.visualizers.backend.graphite.GraphiteBackendListenerClient
2018-11-02 10:11:45,590 INFO o.a.j.v.b.g.TextGraphiteMetricsSender: Created TextGraphiteMetricsSender with host: localhost, port: 2003, prefix: gatling2.Mean.
2018-11-02 10:11:45,599 INFO o.a.j.JMeter: Running test (1541167905599)
2018-11-02 10:11:45,655 INFO o.a.j.e.StandardJMeterEngine: Starting ThreadGroup: 1 : MEAN
2018-11-02 10:11:45,655 INFO o.a.j.e.StandardJMeterEngine: Starting 1 threads for group MEAN.
2018-11-02 10:11:45,655 INFO o.a.j.e.StandardJMeterEngine: Thread will continue on error
2018-11-02 10:11:45,655 INFO o.a.j.t.ThreadGroup: Starting thread group... number=1 threads=1 ramp-up=0 perThread=0.0 delayedStart=false
2018-11-02 10:11:45,659 INFO o.a.j.t.ThreadGroup: Started thread group number 1
2018-11-02 10:11:45,659 INFO o.a.j.e.StandardJMeterEngine: All thread groups have been started
2018-11-02 10:11:45,661 INFO o.a.j.t.JMeterThread: Thread started: MEAN 1-1
2018-11-02 10:11:45,674 INFO o.a.j.p.h.s.HTTPHCAbstractImpl: Local host = pk-ThinkPad-T470-W10DG
2018-11-02 10:11:45,680 INFO o.a.j.p.h.s.HTTPHC4Impl: HTTP request retry count = 0
2018-11-02 10:11:45,793 INFO o.a.j.p.h.s.h.LazyLayeredConnectionSocketFactory: Setting up HTTPS TrustAll Socket Factory
2018-11-02 10:11:45,798 INFO o.a.j.u.JsseSSLManager: Using default SSL protocol: TLS
2018-11-02 10:11:45,798 INFO o.a.j.u.JsseSSLManager: SSL session context: per-thread
2018-11-02 10:11:46,057 INFO o.a.j.u.SSLManager: JmeterKeyStore Location:  type JKS
2018-11-02 10:11:46,058 INFO o.a.j.u.SSLManager: KeyStore created OK
2018-11-02 10:11:46,058 WARN o.a.j.u.SSLManager: Keystore file not found, loading empty keystore
2018-11-02 10:12:00,056 INFO o.a.j.r.Summariser: summary +     10 in 00:00:14 =    0.7/s Avg:  1428 Min:  1307 Max:  1810 Err:     0 (0.00%) Active: 1 Started: 1 Finished: 0
2018-11-02 10:12:30,166 INFO o.a.j.r.Summariser: summary +     22 in 00:00:30 =    0.7/s Avg:  1367 Min:  1183 Max:  1582 Err:     0 (0.00%) Active: 1 Started: 1 Finished: 0
2018-11-02 10:12:30,166 INFO o.a.j.r.Summariser: summary =     32 in 00:00:45 =    0.7/s Avg:  1386 Min:  1183 Max:  1810 Err:     0 (0.00%)
2018-11-02 10:13:00,376 INFO o.a.j.r.Summariser: summary +     22 in 00:00:30 =    0.7/s Avg:  1371 Min:  1155 Max:  1873 Err:     0 (0.00%) Active: 1 Started: 1 Finished: 0
2018-11-02 10:13:00,377 INFO o.a.j.r.Summariser: summary =     54 in 00:01:15 =    0.7/s Avg:  1380 Min:  1155 Max:  1873 Err:     0 (0.00%)
2018-11-02 10:13:30,476 INFO o.a.j.r.Summariser: summary +     22 in 00:00:30 =    0.7/s Avg:  1366 Min:  1187 Max:  1531 Err:     0 (0.00%) Active: 1 Started: 1 Finished: 0
2018-11-02 10:13:30,476 INFO o.a.j.r.Summariser: summary =     76 in 00:01:45 =    0.7/s Avg:  1376 Min:  1155 Max:  1873 Err:     0 (0.00%)
2018-11-02 10:14:00,176 INFO o.a.j.r.Summariser: summary +     22 in 00:00:30 =    0.7/s Avg:  1348 Min:  1200 Max:  1467 Err:     0 (0.00%) Active: 1 Started: 1 Finished: 0
2018-11-02 10:14:00,177 INFO o.a.j.r.Summariser: summary =     98 in 00:02:15 =    0.7/s Avg:  1370 Min:  1155 Max:  1873 Err:     0 (0.00%)
2018-11-02 10:14:30,070 INFO o.a.j.r.Summariser: summary +     21 in 00:00:30 =    0.7/s Avg:  1422 Min:  1291 Max:  2000 Err:     0 (0.00%) Active: 1 Started: 1 Finished: 0
2018-11-02 10:14:30,070 INFO o.a.j.r.Summariser: summary =    119 in 00:02:44 =    0.7/s Avg:  1379 Min:  1155 Max:  2000 Err:     0 (0.00%)
2018-11-02 10:15:00,932 INFO o.a.j.r.Summariser: summary +     21 in 00:00:31 =    0.7/s Avg:  1468 Min:  1181 Max:  2663 Err:     0 (0.00%) Active: 1 Started: 1 Finished: 0
2018-11-02 10:15:00,933 INFO o.a.j.r.Summariser: summary =    140 in 00:03:15 =    0.7/s Avg:  1392 Min:  1155 Max:  2663 Err:     0 (0.00%)
2018-11-02 10:15:30,490 INFO o.a.j.r.Summariser: summary +     21 in 00:00:30 =    0.7/s Avg:  1405 Min:  1215 Max:  2091 Err:     0 (0.00%) Active: 1 Started: 1 Finished: 0
2018-11-02 10:15:30,491 INFO o.a.j.r.Summariser: summary =    161 in 00:03:45 =    0.7/s Avg:  1394 Min:  1155 Max:  2663 Err:     0 (0.00%)
2018-11-02 10:16:01,113 INFO o.a.j.r.Summariser: summary +     22 in 00:00:31 =    0.7/s Avg:  1390 Min:  1215 Max:  1598 Err:     0 (0.00%) Active: 1 Started: 1 Finished: 0
2018-11-02 10:16:01,113 INFO o.a.j.r.Summariser: summary =    183 in 00:04:16 =    0.7/s Avg:  1393 Min:  1155 Max:  2663 Err:     0 (0.00%)
2018-11-02 10:16:30,040 INFO o.a.j.r.Summariser: summary +     21 in 00:00:29 =    0.7/s Avg:  1376 Min:  1169 Max:  1655 Err:     0 (0.00%) Active: 1 Started: 1 Finished: 0
2018-11-02 10:16:30,041 INFO o.a.j.r.Summariser: summary =    204 in 00:04:44 =    0.7/s Avg:  1392 Min:  1155 Max:  2663 Err:     0 (0.00%)
2018-11-02 10:16:46,377 INFO o.a.j.t.JMeterThread: Stopping because end time detected by thread: MEAN 1-1
2018-11-02 10:16:46,377 INFO o.a.j.t.JMeterThread: Thread finished: MEAN 1-1
2018-11-02 10:16:46,378 INFO o.a.j.e.StandardJMeterEngine: Notifying test listeners of end of test
2018-11-02 10:16:46,379 INFO o.a.j.v.b.BackendListener: Worker ended
2018-11-02 10:16:46,400 INFO o.a.j.r.Summariser: summary +     12 in 00:00:16 =    0.7/s Avg:  1360 Min:  1194 Max:  1459 Err:     0 (0.00%) Active: 0 Started: 1 Finished: 1
2018-11-02 10:16:46,400 INFO o.a.j.r.Summariser: summary =    216 in 00:05:01 =    0.7/s Avg:  1390 Min:  1155 Max:  2663 Err:     0 (0.00%)
2018-11-02 10:16:46,400 INFO o.a.j.JMeter: Generating Dashboard
2018-11-02 10:16:46,400 INFO o.a.j.r.d.ReportGenerator: Flushing result collector before report Generation
2018-11-02 10:16:46,413 INFO o.a.j.r.p.NormalizerSampleConsumer: Using format, 'ms', to parse timeStamp field
2018-11-02 10:16:46,514 INFO o.a.j.r.p.AbstractSampleConsumer: class org.apache.jmeter.report.processor.AggregateConsumer#stopProducing(): beginDate produced 0 samples
2018-11-02 10:16:46,514 INFO o.a.j.r.p.AbstractSampleConsumer: class org.apache.jmeter.report.processor.AggregateConsumer#stopProducing(): endDate produced 0 samples
2018-11-02 10:16:46,516 INFO o.a.j.r.p.AbstractSampleConsumer: class org.apache.jmeter.report.processor.ApdexSummaryConsumer#stopProducing(): apdexSummary produced 0 samples
2018-11-02 10:16:46,516 INFO o.a.j.r.p.AbstractSampleConsumer: class org.apache.jmeter.report.processor.RequestsSummaryConsumer#stopProducing(): requestsSummary produced 0 samples
2018-11-02 10:16:46,516 INFO o.a.j.r.p.AbstractSampleConsumer: class org.apache.jmeter.report.processor.StatisticsSummaryConsumer#stopProducing(): statisticsSummary produced 0 samples
2018-11-02 10:16:46,520 INFO o.a.j.r.p.AbstractSampleConsumer: class org.apache.jmeter.report.processor.Top5ErrorsBySamplerConsumer#stopProducing(): top5ErrorsBySampler produced 0 samples
2018-11-02 10:16:46,521 INFO o.a.j.r.p.AbstractSampleConsumer: class org.apache.jmeter.report.processor.ErrorsSummaryConsumer#stopProducing(): errorsSummary produced 0 samples
2018-11-02 10:16:46,521 INFO o.a.j.r.p.AbstractSampleConsumer: class org.apache.jmeter.report.processor.graph.impl.HitsPerSecondGraphConsumer#stopProducing(): hitsPerSecond produced 0 samples
2018-11-02 10:16:46,534 INFO o.a.j.r.p.AbstractSampleConsumer: class org.apache.jmeter.report.processor.graph.impl.LatencyVSRequestGraphConsumer#stopProducing(): latencyVsRequest produced 0 samples
2018-11-02 10:16:46,534 INFO o.a.j.r.p.AbstractSampleConsumer: class org.apache.jmeter.report.processor.graph.impl.SyntheticResponseTimeDistributionGraphConsumer#stopProducing(): syntheticResponseTimeDistribution produced 0 samples
2018-11-02 10:16:46,534 INFO o.a.j.r.p.AbstractSampleConsumer: class org.apache.jmeter.report.processor.graph.impl.BytesThroughputGraphConsumer#stopProducing(): bytesThroughputOverTime produced 0 samples
2018-11-02 10:16:46,534 INFO o.a.j.r.p.AbstractSampleConsumer: class org.apache.jmeter.report.processor.graph.impl.CodesPerSecondGraphConsumer#stopProducing(): codesPerSecond produced 0 samples
2018-11-02 10:16:46,539 INFO o.a.j.r.p.AbstractSampleConsumer: class org.apache.jmeter.report.processor.graph.impl.ResponseTimeVSRequestGraphConsumer#stopProducing(): responseTimeVsRequest produced 0 samples
2018-11-02 10:16:46,540 INFO o.a.j.r.p.AbstractSampleConsumer: class org.apache.jmeter.report.processor.FilterConsumer#stopProducing(): startIntervalControlerFilter produced 1512 samples
2018-11-02 10:16:46,540 INFO o.a.j.r.p.AbstractSampleConsumer: class org.apache.jmeter.report.processor.graph.impl.TotalTPSGraphConsumer#stopProducing(): totalTPS produced 0 samples
2018-11-02 10:16:46,540 INFO o.a.j.r.p.AbstractSampleConsumer: class org.apache.jmeter.report.processor.graph.impl.ActiveThreadsGraphConsumer#stopProducing(): activeThreadsOverTime produced 0 samples
2018-11-02 10:16:46,540 INFO o.a.j.r.p.AbstractSampleConsumer: class org.apache.jmeter.report.processor.graph.impl.TimeVSThreadGraphConsumer#stopProducing(): timeVsThreads produced 0 samples
2018-11-02 10:16:46,540 INFO o.a.j.r.p.AbstractSampleConsumer: class org.apache.jmeter.report.processor.graph.impl.ResponseTimeDistributionGraphConsumer#stopProducing(): responseTimeDistribution produced 0 samples
2018-11-02 10:16:46,540 INFO o.a.j.r.p.AbstractSampleConsumer: class org.apache.jmeter.report.processor.graph.impl.TransactionsPerSecondGraphConsumer#stopProducing(): transactionsPerSecond produced 0 samples
2018-11-02 10:16:46,541 INFO o.a.j.r.p.AbstractSampleConsumer: class org.apache.jmeter.report.processor.graph.impl.ResponseTimePercentilesGraphConsumer#stopProducing(): responseTimePercentiles produced 0 samples
2018-11-02 10:16:46,542 INFO o.a.j.r.p.AbstractSampleConsumer: class org.apache.jmeter.report.processor.graph.impl.ResponseTimePercentilesOverTimeGraphConsumer#stopProducing(): responseTimePercentilesOverTime produced 0 samples
2018-11-02 10:16:46,543 INFO o.a.j.r.p.AbstractSampleConsumer: class org.apache.jmeter.report.processor.graph.impl.ResponseTimeOverTimeGraphConsumer#stopProducing(): responseTimesOverTime produced 0 samples
2018-11-02 10:16:46,543 INFO o.a.j.r.p.AbstractSampleConsumer: class org.apache.jmeter.report.processor.graph.impl.ConnectTimeOverTimeGraphConsumer#stopProducing(): connectTimeOverTime produced 0 samples
2018-11-02 10:16:46,543 INFO o.a.j.r.p.AbstractSampleConsumer: class org.apache.jmeter.report.processor.graph.impl.LatencyOverTimeGraphConsumer#stopProducing(): latenciesOverTime produced 0 samples
2018-11-02 10:16:46,543 INFO o.a.j.r.p.AbstractSampleConsumer: class org.apache.jmeter.report.processor.FilterConsumer#stopProducing(): nameFilter produced 3240 samples
2018-11-02 10:16:46,543 INFO o.a.j.r.p.AbstractSampleConsumer: class org.apache.jmeter.report.processor.FilterConsumer#stopProducing(): dateRangeFilter produced 648 samples
2018-11-02 10:16:46,543 INFO o.a.j.r.p.AbstractSampleConsumer: class org.apache.jmeter.report.processor.NormalizerSampleConsumer#stopProducing(): normalizer produced 216 samples
2018-11-02 10:16:46,544 INFO o.a.j.r.p.CsvFileSampleSource: produce(): 216 samples produced in 97ms on channel 0
2018-11-02 10:16:46,544 INFO o.a.j.r.d.ReportGenerator: Exporting data using exporter:'html' of className:'org.apache.jmeter.report.dashboard.HtmlTemplateExporter'
2018-11-02 10:16:46,547 INFO o.a.j.r.d.HtmlTemplateExporter: Will generate dashboard in folder: /home/pk/Desktop/perfana-jmeter-demo-script/target/jmeter/reports/targets-io-demo_20181102_101143
2018-11-02 10:16:46,610 INFO o.a.j.r.d.HtmlTemplateExporter: Report will be generated in: /home/pk/Desktop/perfana-jmeter-demo-script/target/jmeter/reports/targets-io-demo_20181102_101143, creating folder structure
2018-11-02 10:16:46,872 INFO o.a.j.JMeter: Dashboard generated
